This is pdfTeX, Version 3.14159265-2.6-1.40.17 (MiKTeX 2.9 64-bit) (preloaded format=pdflatex 2016.6.26)  7 FEB 2017 14:20
entering extended mode
**./thesis.tex
(thesis.tex
LaTeX2e <2016/03/31>
Babel <3.9r> and hyphenation patterns for 75 language(s) loaded.
(layout.tex ("C:\Program Files\MiKTeX 2.9\tex\latex\base\book.cls"
Document Class: book 2014/09/29 v1.4h Standard LaTeX document class
("C:\Program Files\MiKTeX 2.9\tex\latex\base\bk12.clo"
File: bk12.clo 2014/09/29 v1.4h Standard LaTeX file (size option)
)
\c@part=\count79
\c@chapter=\count80
\c@section=\count81
\c@subsection=\count82
\c@subsubsection=\count83
\c@paragraph=\count84
\c@subparagraph=\count85
\c@figure=\count86
\c@table=\count87
\abovecaptionskip=\skip41
\belowcaptionskip=\skip42
\bibindent=\dimen102
)
("C:\Program Files\MiKTeX 2.9\tex\latex\psnfss\times.sty"
Package: times 2005/04/12 PSNFSS-v9.2a (SPQR) 
)
("C:\Program Files\MiKTeX 2.9\tex\latex\psnfss\mathptmx.sty"
Package: mathptmx 2005/04/12 PSNFSS-v9.2a Times w/ Math, improved (SPQR, WaS) 
LaTeX Font Info:    Redeclaring symbol font `operators' on input line 28.
LaTeX Font Info:    Overwriting symbol font `operators' in version `normal'
(Font)                  OT1/cmr/m/n --> OT1/ztmcm/m/n on input line 28.
LaTeX Font Info:    Overwriting symbol font `operators' in version `bold'
(Font)                  OT1/cmr/bx/n --> OT1/ztmcm/m/n on input line 28.
LaTeX Font Info:    Redeclaring symbol font `letters' on input line 29.
LaTeX Font Info:    Overwriting symbol font `letters' in version `normal'
(Font)                  OML/cmm/m/it --> OML/ztmcm/m/it on input line 29.
LaTeX Font Info:    Overwriting symbol font `letters' in version `bold'
(Font)                  OML/cmm/b/it --> OML/ztmcm/m/it on input line 29.
LaTeX Font Info:    Redeclaring symbol font `symbols' on input line 30.
LaTeX Font Info:    Overwriting symbol font `symbols' in version `normal'
(Font)                  OMS/cmsy/m/n --> OMS/ztmcm/m/n on input line 30.
LaTeX Font Info:    Overwriting symbol font `symbols' in version `bold'
(Font)                  OMS/cmsy/b/n --> OMS/ztmcm/m/n on input line 30.
LaTeX Font Info:    Redeclaring symbol font `largesymbols' on input line 31.
LaTeX Font Info:    Overwriting symbol font `largesymbols' in version `normal'
(Font)                  OMX/cmex/m/n --> OMX/ztmcm/m/n on input line 31.
LaTeX Font Info:    Overwriting symbol font `largesymbols' in version `bold'
(Font)                  OMX/cmex/m/n --> OMX/ztmcm/m/n on input line 31.
\symbold=\mathgroup4
\symitalic=\mathgroup5
LaTeX Font Info:    Redeclaring math alphabet \mathbf on input line 34.
LaTeX Font Info:    Overwriting math alphabet `\mathbf' in version `normal'
(Font)                  OT1/cmr/bx/n --> OT1/ptm/bx/n on input line 34.
LaTeX Font Info:    Overwriting math alphabet `\mathbf' in version `bold'
(Font)                  OT1/cmr/bx/n --> OT1/ptm/bx/n on input line 34.
LaTeX Font Info:    Redeclaring math alphabet \mathit on input line 35.
LaTeX Font Info:    Overwriting math alphabet `\mathit' in version `normal'
(Font)                  OT1/cmr/m/it --> OT1/ptm/m/it on input line 35.
LaTeX Font Info:    Overwriting math alphabet `\mathit' in version `bold'
(Font)                  OT1/cmr/bx/it --> OT1/ptm/m/it on input line 35.
LaTeX Info: Redefining \hbar on input line 50.
)
(C:\Users\Asus\AppData\Roaming\MiKTeX\2.9\tex\latex\booktabs\booktabs.sty
Package: booktabs 2005/04/14 v1.61803 publication quality tables
\heavyrulewidth=\dimen103
\lightrulewidth=\dimen104
\cmidrulewidth=\dimen105
\belowrulesep=\dimen106
\belowbottomsep=\dimen107
\aboverulesep=\dimen108
\abovetopsep=\dimen109
\cmidrulesep=\dimen110
\cmidrulekern=\dimen111
\defaultaddspace=\dimen112
\@cmidla=\count88
\@cmidlb=\count89
\@aboverulesep=\dimen113
\@belowrulesep=\dimen114
\@thisruleclass=\count90
\@lastruleclass=\count91
\@thisrulewidth=\dimen115
)
("C:\Program Files\MiKTeX 2.9\tex\latex\graphics\graphicx.sty"
Package: graphicx 2014/10/28 v1.0g Enhanced LaTeX Graphics (DPC,SPQR)

("C:\Program Files\MiKTeX 2.9\tex\latex\graphics\keyval.sty"
Package: keyval 2014/10/28 v1.15 key=value parser (DPC)
\KV@toks@=\toks14
)
("C:\Program Files\MiKTeX 2.9\tex\latex\graphics\graphics.sty"
Package: graphics 2016/05/09 v1.0r Standard LaTeX Graphics (DPC,SPQR)

("C:\Program Files\MiKTeX 2.9\tex\latex\graphics\trig.sty"
Package: trig 2016/01/03 v1.10 sin cos tan (DPC)
)
("C:\Program Files\MiKTeX 2.9\tex\latex\00miktex\graphics.cfg"
File: graphics.cfg 2016/01/02 v1.10 sample graphics configuration
)
Package graphics Info: Driver file: pdftex.def on input line 96.

("C:\Program Files\MiKTeX 2.9\tex\latex\pdftex-def\pdftex.def"
File: pdftex.def 2011/05/27 v0.06d Graphics/color for pdfTeX

("C:\Program Files\MiKTeX 2.9\tex\generic\oberdiek\infwarerr.sty"
Package: infwarerr 2016/05/16 v1.4 Providing info/warning/error messages (HO)
)
("C:\Program Files\MiKTeX 2.9\tex\generic\oberdiek\ltxcmds.sty"
Package: ltxcmds 2016/05/16 v1.23 LaTeX kernel commands for general use (HO)
)
\Gread@gobject=\count92
))
\Gin@req@height=\dimen116
\Gin@req@width=\dimen117
)
("C:\Program Files\MiKTeX 2.9\tex\latex\titlesec\titlesec.sty"
Package: titlesec 2016/03/21 v2.10.2 Sectioning titles
\ttl@box=\box26
\beforetitleunit=\skip43
\aftertitleunit=\skip44
\ttl@plus=\dimen118
\ttl@minus=\dimen119
\ttl@toksa=\toks15
\titlewidth=\dimen120
\titlewidthlast=\dimen121
\titlewidthfirst=\dimen122
)
("C:\Program Files\MiKTeX 2.9\tex\latex\amsfonts\amssymb.sty"
Package: amssymb 2013/01/14 v3.01 AMS font symbols

("C:\Program Files\MiKTeX 2.9\tex\latex\amsfonts\amsfonts.sty"
Package: amsfonts 2013/01/14 v3.01 Basic AMSFonts support
\@emptytoks=\toks16
\symAMSa=\mathgroup6
\symAMSb=\mathgroup7
LaTeX Font Info:    Overwriting math alphabet `\mathfrak' in version `bold'
(Font)                  U/euf/m/n --> U/euf/b/n on input line 106.
))
("C:\Program Files\MiKTeX 2.9\tex\generic\babel\babel.sty"
Package: babel 2016/04/23 3.9r The Babel package

*************************************
* Local config file bblopts.cfg used
*
(C:\Users\Asus\AppData\Roaming\MiKTeX\2.9\tex\latex\arabi\bblopts.cfg
File: bblopts.cfg 2005/09/08 v0.1 add Arabic and Farsi to "declared" options of
 babel
)
("C:\Program Files\MiKTeX 2.9\tex\latex\babel-english\english.ldf"
Language: english 2012/08/20 v3.3p English support from the babel system

("C:\Program Files\MiKTeX 2.9\tex\generic\babel\babel.def"
File: babel.def 2016/04/23 3.9r Babel common definitions
\babel@savecnt=\count93
\U@D=\dimen123
)
\l@canadian = a dialect from \language\l@american 
\l@australian = a dialect from \language\l@british 
\l@newzealand = a dialect from \language\l@british 
)
("C:\Program Files\MiKTeX 2.9\tex\latex\babel-english\english.ldf"
Language: english 2012/08/20 v3.3p English support from the babel system
)
("C:\Program Files\MiKTeX 2.9\tex\latex\babel-english\english.ldf"
Language: english 2012/08/20 v3.3p English support from the babel system
)
("C:\Program Files\MiKTeX 2.9\tex\latex\babel-english\english.ldf"
Language: english 2012/08/20 v3.3p English support from the babel system
)
("C:\Program Files\MiKTeX 2.9\tex\latex\babel-english\english.ldf"
Language: english 2012/08/20 v3.3p English support from the babel system
))

Package Babel Warning: The package option `english' should not be used
(Babel)                with a more specific one (like `american') on input line
 11.

("C:\Program Files\MiKTeX 2.9\tex\latex\graphics\color.sty"
Package: color 2016/05/09 v1.1c Standard LaTeX Color (DPC)

("C:\Program Files\MiKTeX 2.9\tex\latex\00miktex\color.cfg"
File: color.cfg 2016/01/02 v1.6 sample color configuration
)
Package color Info: Driver file: pdftex.def on input line 144.
)
(new_narrow_margins_x2mm.tex)
("C:\Program Files\MiKTeX 2.9\tex\latex\nomencl\nomencl.sty"
Package: nomencl 2005/09/22 v4.2 Nomenclature package (LN)
\nomlabelwidth=\dimen124
\nom@tempdim=\dimen125
\nomitemsep=\skip45
)
\@nomenclaturefile=\write3
\openout3 = `thesis.nlo'.


Writing nomenclature file thesis.nlo
("C:\Program Files\MiKTeX 2.9\tex\latex\fancyhdr\fancyhdr.sty"
\fancy@headwidth=\skip46
\f@ncyO@elh=\skip47
\f@ncyO@erh=\skip48
\f@ncyO@olh=\skip49
\f@ncyO@orh=\skip50
\f@ncyO@elf=\skip51
\f@ncyO@erf=\skip52
\f@ncyO@olf=\skip53
\f@ncyO@orf=\skip54
)
\c@definition=\count94
) (thesis.aux

LaTeX Warning: Label `flink' multiply defined.


LaTeX Warning: Label `lpa' multiply defined.


LaTeX Warning: Label `lpa' multiply defined.


LaTeX Warning: Label `fig:trainingGraph' multiply defined.

)
\openout1 = `thesis.aux'.

LaTeX Font Info:    Checking defaults for OML/cmm/m/it on input line 14.
LaTeX Font Info:    ... okay on input line 14.
LaTeX Font Info:    Checking defaults for T1/cmr/m/n on input line 14.
LaTeX Font Info:    ... okay on input line 14.
LaTeX Font Info:    Checking defaults for OT1/cmr/m/n on input line 14.
LaTeX Font Info:    ... okay on input line 14.
LaTeX Font Info:    Checking defaults for OMS/cmsy/m/n on input line 14.
LaTeX Font Info:    ... okay on input line 14.
LaTeX Font Info:    Checking defaults for OMX/cmex/m/n on input line 14.
LaTeX Font Info:    ... okay on input line 14.
LaTeX Font Info:    Checking defaults for U/cmr/m/n on input line 14.
LaTeX Font Info:    ... okay on input line 14.
LaTeX Font Info:    Try loading font information for OT1+ptm on input line 14.
 ("C:\Program Files\MiKTeX 2.9\tex\latex\psnfss\ot1ptm.fd"
File: ot1ptm.fd 2001/06/04 font definitions for OT1/ptm.
)
\big@size=\dimen126

(C:\Users\Asus\AppData\Roaming\MiKTeX\2.9\tex\context\base\supp-pdf.mkii
[Loading MPS to PDF converter (version 2006.09.02).]
\scratchcounter=\count95
\scratchdimen=\dimen127
\scratchbox=\box27
\nofMPsegments=\count96
\nofMParguments=\count97
\everyMPshowfont=\toks17
\MPscratchCnt=\count98
\MPscratchDim=\dimen128
\MPnumerator=\count99
\makeMPintoPDFobject=\count100
\everyMPtoPDFconversion=\toks18
) ("C:\Program Files\MiKTeX 2.9\tex\generic\oberdiek\pdftexcmds.sty"
Package: pdftexcmds 2016/05/21 v0.22 Utility functions of pdfTeX for LuaTeX (HO
)

("C:\Program Files\MiKTeX 2.9\tex\generic\oberdiek\ifluatex.sty"
Package: ifluatex 2016/05/16 v1.4 Provides the ifluatex switch (HO)
Package ifluatex Info: LuaTeX not detected.
)
("C:\Program Files\MiKTeX 2.9\tex\generic\oberdiek\ifpdf.sty"
Package: ifpdf 2016/05/14 v3.1 Provides the ifpdf switch
)
Package pdftexcmds Info: LuaTeX not detected.
Package pdftexcmds Info: \pdf@primitive is available.
Package pdftexcmds Info: \pdf@ifprimitive is available.
Package pdftexcmds Info: \pdfdraftmode found.
)
("C:\Program Files\MiKTeX 2.9\tex\latex\oberdiek\epstopdf-base.sty"
Package: epstopdf-base 2016/05/15 v2.6 Base part for package epstopdf

("C:\Program Files\MiKTeX 2.9\tex\latex\oberdiek\grfext.sty"
Package: grfext 2016/05/16 v1.2 Manage graphics extensions (HO)

("C:\Program Files\MiKTeX 2.9\tex\generic\oberdiek\kvdefinekeys.sty"
Package: kvdefinekeys 2016/05/16 v1.4 Define keys (HO)
))
("C:\Program Files\MiKTeX 2.9\tex\latex\oberdiek\kvoptions.sty"
Package: kvoptions 2016/05/16 v3.12 Key value format for package options (HO)

("C:\Program Files\MiKTeX 2.9\tex\generic\oberdiek\kvsetkeys.sty"
Package: kvsetkeys 2016/05/16 v1.17 Key value parser (HO)

("C:\Program Files\MiKTeX 2.9\tex\generic\oberdiek\etexcmds.sty"
Package: etexcmds 2016/05/16 v1.6 Avoid name clashes with e-TeX commands (HO)
Package etexcmds Info: Could not find \expanded.
(etexcmds)             That can mean that you are not using pdfTeX 1.50 or
(etexcmds)             that some package has redefined \expanded.
(etexcmds)             In the latter case, load this package earlier.
)))
Package grfext Info: Graphics extension search list:
(grfext)             [.png,.pdf,.jpg,.mps,.jpeg,.jbig2,.jb2,.PNG,.PDF,.JPG,.JPE
G,.JBIG2,.JB2,.eps]
(grfext)             \AppendGraphicsExtensions on input line 456.
)
Chapter 1.
LaTeX Font Info:    Font shape `OT1/ptm/bx/n' in size <52> not available
(Font)              Font shape `OT1/ptm/b/n' tried instead on input line 22.
LaTeX Font Info:    Font shape `OT1/ptm/bx/n' in size <17.28> not available
(Font)              Font shape `OT1/ptm/b/n' tried instead on input line 26.
Missing character: There is no ‚ in font ptmr7t!
Missing character: There is no Ä in font ptmr7t!
Missing character: There is no ô in font ptmr7t!
LaTeX Font Info:    Font shape `OT1/ptm/bx/n' in size <14.4> not available
(Font)              Font shape `OT1/ptm/b/n' tried instead on input line 28.
Missing character: There is no ‚ in font ptmr7t!
Missing character: There is no Ä in font ptmr7t!
Missing character: There is no ô in font ptmr7t!
LaTeX Font Info:    Font shape `OT1/ptm/bx/n' in size <12> not available
(Font)              Font shape `OT1/ptm/b/n' tried instead on input line 39.

LaTeX Warning: Citation `a:https://brightplanet.com/2012/06/structured-vs-unstr
uctured-data/' on page 1 undefined on input line 39.

[1


{C:/Users/Asus/AppData/Local/MiKTeX/2.9/pdftex/config/pdftex.map}]

LaTeX Warning: Citation `a:https://brightplanet.com/2012/06/structured-vs-unstr
uctured-data/' on page 2 undefined on input line 41.


Underfull \hbox (badness 10000) in paragraph at lines 41--42

 []


LaTeX Warning: Citation `a:https://jeremyronk.wordpress.com/2014/09/01/structur
ed-semi-structured-and-unstructured-data/' on page 2 undefined on input line 43
.


Underfull \hbox (badness 10000) in paragraph at lines 42--44

 []


LaTeX Warning: Citation `a:https://brightplanet.com/2012/06/structured-vs-unstr
uctured-data/' on page 2 undefined on input line 44.


LaTeX Warning: Citation `a:Beyond the hype' on page 2 undefined on input line 4
8.

LaTeX Font Info:    Try loading font information for OT1+ztmcm on input line 61
.
("C:\Program Files\MiKTeX 2.9\tex\latex\psnfss\ot1ztmcm.fd"
File: ot1ztmcm.fd 2000/01/03 Fontinst v1.801 font definitions for OT1/ztmcm.
)
LaTeX Font Info:    Try loading font information for OML+ztmcm on input line 61
.

("C:\Program Files\MiKTeX 2.9\tex\latex\psnfss\omlztmcm.fd"
File: omlztmcm.fd 2000/01/03 Fontinst v1.801 font definitions for OML/ztmcm.
)
LaTeX Font Info:    Try loading font information for OMS+ztmcm on input line 61
.

("C:\Program Files\MiKTeX 2.9\tex\latex\psnfss\omsztmcm.fd"
File: omsztmcm.fd 2000/01/03 Fontinst v1.801 font definitions for OMS/ztmcm.
)
LaTeX Font Info:    Try loading font information for OMX+ztmcm on input line 61
.

("C:\Program Files\MiKTeX 2.9\tex\latex\psnfss\omxztmcm.fd"
File: omxztmcm.fd 2000/01/03 Fontinst v1.801 font definitions for OMX/ztmcm.
)
LaTeX Font Info:    Font shape `OT1/ptm/bx/n' in size <9> not available
(Font)              Font shape `OT1/ptm/b/n' tried instead on input line 61.
LaTeX Font Info:    Font shape `OT1/ptm/bx/n' in size <7> not available
(Font)              Font shape `OT1/ptm/b/n' tried instead on input line 61.


LaTeX Warning: Citation `a:analyzer http://www.sbmac.org.br/dincon/trabalhos/PD
F/statistics/68066.pdf' on page 2 undefined on input line 61.


Package Fancyhdr Warning: \headheight is too small (12.0pt): 
 Make it at least 14.49998pt.
 We now make it that large for the rest of the document.
 This may cause the page layout to be inconsistent, however.

[2]

LaTeX Warning: Citation `a:https://www.scm.tees.ac.uk/isg/aia/nlp/NLP-overview.
pdf' on page 3 undefined on input line 63.


LaTeX Warning: Citation `a:mapR' on page 3 undefined on input line 87.

Missing character: There is no ‚ in font ptmr7t!
Missing character: There is no Ä in font ptmr7t!
Missing character: There is no ú in font ptmr7t!
Missing character: There is no ‚ in font ptmr7t!
Missing character: There is no Ä in font ptmr7t!
Missing character: There is no ù in font ptmr7t!
[3] <graphics/BatchStream.PNG, id=15, 737.75626pt x 429.85594pt>
File: graphics/BatchStream.PNG Graphic file (type png)

<use graphics/BatchStream.PNG>
Package pdftex.def Info: graphics/BatchStream.PNG used on input line 113.
(pdftex.def)             Requested size: 368.87723pt x 214.92744pt.


LaTeX Warning: `!h' float specifier changed to `!ht'.

[4]
Underfull \hbox (badness 10000) in paragraph at lines 124--126

 []


Underfull \hbox (badness 10000) in paragraph at lines 126--128

 []


Underfull \hbox (badness 10000) in paragraph at lines 128--130

 []

<graphics/Flink-Stack.PNG, id=20, 377.91188pt x 243.91125pt>
File: graphics/Flink-Stack.PNG Graphic file (type png)

<use graphics/Flink-Stack.PNG>
Package pdftex.def Info: graphics/Flink-Stack.PNG used on input line 133.
(pdftex.def)             Requested size: 264.5365pt x 170.7367pt.


LaTeX Warning: `!h' float specifier changed to `!ht'.

[5 <./graphics/BatchStream.PNG>]
Missing character: There is no ¬ in font ptmr7t!
Missing character: There is no ß in font ptmr7t!
Missing character: There is no ¬ in font ptmr7t!
Missing character: There is no ß in font ptmr7t!

Underfull \hbox (badness 10000) in paragraph at lines 144--148

 []

<graphics/compilation.PNG, id=25, 444.91219pt x 317.68687pt>
File: graphics/compilation.PNG Graphic file (type png)

<use graphics/compilation.PNG>
Package pdftex.def Info: graphics/compilation.PNG used on input line 151.
(pdftex.def)             Requested size: 311.4364pt x 222.37927pt.
 [6 <./graphics/Flink-Stack.PNG> <./graphics/compilation.PNG>]
Underfull \hbox (badness 10000) in paragraph at lines 158--159

 []

<graphics/concepts.PNG, id=31, 419.31656pt x 129.48375pt>
File: graphics/concepts.PNG Graphic file (type png)

<use graphics/concepts.PNG>
Package pdftex.def Info: graphics/concepts.PNG used on input line 164.
(pdftex.def)             Requested size: 293.51958pt x 90.63799pt.


LaTeX Warning: Citation `transf' on page 7 undefined on input line 169.

[7 <./graphics/concepts.PNG>]
<graphics/thumbling.PNG, id=37, 408.02437pt x 219.82124pt>
File: graphics/thumbling.PNG Graphic file (type png)

<use graphics/thumbling.PNG>
Package pdftex.def Info: graphics/thumbling.PNG used on input line 209.
(pdftex.def)             Requested size: 285.61511pt x 153.87381pt.

<graphics/sliding.PNG, id=38, 403.5075pt x 339.51843pt>
File: graphics/sliding.PNG Graphic file (type png)

<use graphics/sliding.PNG>
Package pdftex.def Info: graphics/sliding.PNG used on input line 217.
(pdftex.def)             Requested size: 282.45332pt x 237.66127pt.


LaTeX Warning: `!h' float specifier changed to `!ht'.

[8 <./graphics/thumbling.PNG>]
<graphics/sparkStack.PNG, id=43, 314.67563pt x 164.86594pt>
File: graphics/sparkStack.PNG Graphic file (type png)

<use graphics/sparkStack.PNG>
Package pdftex.def Info: graphics/sparkStack.PNG used on input line 241.
(pdftex.def)             Requested size: 283.20544pt x 148.37794pt.

<graphics/spark.PNG, id=44, 374.14781pt x 170.13562pt>
File: graphics/spark.PNG Graphic file (type png)

<use graphics/spark.PNG>
Package pdftex.def Info: graphics/spark.PNG used on input line 249.
(pdftex.def)             Requested size: 336.7299pt x 153.12062pt.
Missing character: There is no ‚ in font ptmr7t!
Missing character: There is no Ä in font ptmr7t!
Missing character: There is no ô in font ptmr7t!
 [9 <./graphics/sliding.PNG> <./graphics/sparkStack.PNG>]

LaTeX Warning: Citation `a:comp' on page 10 undefined on input line 262.


LaTeX Warning: Citation `wc' on page 10 undefined on input line 263.


LaTeX Warning: Citation `wc' on page 10 undefined on input line 263.


LaTeX Warning: Citation `wc' on page 10 undefined on input line 263.


LaTeX Warning: Citation `wc' on page 10 undefined on input line 263.


LaTeX Warning: Citation `wc' on page 10 undefined on input line 263.

[10 <./graphics/spark.PNG>]
Underfull \hbox (badness 10000) in paragraph at lines 269--270

 []


Underfull \hbox (badness 10000) in paragraph at lines 275--277
[]\OT1/ptm/m/n/12 both frame-works
 []


Underfull \hbox (badness 10000) in paragraph at lines 275--277
\OT1/ptm/m/n/12 num-ber (16 and
 []


Underfull \hbox (badness 10000) in paragraph at lines 277--278
[]\OT1/ptm/m/n/12 Spark out-per-forms
 []


Underfull \hbox (badness 3735) in paragraph at lines 277--278
\OT1/ptm/m/n/12 Flink, with up to
 []


Underfull \hbox (badness 10000) in paragraph at lines 278--279
\OT1/ptm/m/n/12 on av-er-age bet-ter
 []


Underfull \hbox (badness 10000) in paragraph at lines 278--279
\OT1/ptm/m/n/12 smaller ex-e-cu-tion
 []


Underfull \hbox (badness 2318) in paragraph at lines 280--281
\OT1/ptm/m/n/12 per-forms Spark by
 []


Underfull \hbox (badness 10000) in paragraph at lines 281--282
[]\OT1/ptm/m/n/12 Spark out-per-forms
 []

Missing character: There is no ‚ in font ptmr7t!
Missing character: There is no Ä in font ptmr7t!
Missing character: There is no ô in font ptmr7t!

Underfull \hbox (badness 10000) in paragraph at lines 282--283
[]\OT1/ptm/m/n/12 Flinks ad-van-tage
 []


Underfull \hbox (badness 7116) in paragraph at lines 282--283
\OT1/ptm/m/n/12 is in-creas-ing with
 []


Overfull \hbox (13.7703pt too wide) in paragraph at lines 271--285
[][] 
 []


! LaTeX Error: There's no line here to end.

See the LaTeX manual or LaTeX Companion for explanation.
Type  H <return>  for immediate help.
 ...                                              
                                                  
l.286 \newline
              
Your command was ignored.
Type  I <command> <return>  to replace it with another command,
or  <return>  to continue without it.


Overfull \hbox (1.17311pt too wide) in paragraph at lines 292--294
[]\OT1/ptm/m/n/12 Small, medium and large graphs have been
 []

[11]
Missing character: There is no ‚ in font zptmcm7t!
Missing character: There is no à in font zptmcm7t!
Missing character: There is no í in font zptmcm7t!
Missing character: There is no ‚ in font zptmcm7t!
Missing character: There is no à in font zptmcm7t!
Missing character: There is no í in font zptmcm7t!
Missing character: There is no ‚ in font zptmcm7t!
Missing character: There is no à in font zptmcm7t!
Missing character: There is no í in font zptmcm7t!
 <graphics/LP0.png, id=57, 376.40625pt x 175.65625pt>
File: graphics/LP0.png Graphic file (type png)

<use graphics/LP0.png>
Package pdftex.def Info: graphics/LP0.png used on input line 323.
(pdftex.def)             Requested size: 225.84547pt x 105.39455pt.
 <graphics/LP1.png, id=58, 407.5225pt x 201.75375pt>
File: graphics/LP1.png Graphic file (type png)

<use graphics/LP1.png>
Package pdftex.def Info: graphics/LP1.png used on input line 329.
(pdftex.def)             Requested size: 244.51538pt x 121.05318pt.
 <graphics/LP2.png, id=59, 407.5225pt x 201.75375pt>
File: graphics/LP2.png Graphic file (type png)

<use graphics/LP2.png>
Package pdftex.def Info: graphics/LP2.png used on input line 335.
(pdftex.def)             Requested size: 244.51538pt x 121.05318pt.


LaTeX Warning: `h' float specifier changed to `ht'.


Underfull \hbox (badness 10000) in paragraph at lines 343--344

 []

[12] <graphics/expKmeans.PNG, id=65, 335.75438pt x 330.48468pt>
File: graphics/expKmeans.PNG Graphic file (type png)

<use graphics/expKmeans.PNG>
Package pdftex.def Info: graphics/expKmeans.PNG used on input line 350.
(pdftex.def)             Requested size: 235.02646pt x 231.33769pt.


LaTeX Warning: `!h' float specifier changed to `!ht'.


LaTeX Warning: Citation `a:silhouette' on page 13 undefined on input line 356.

[13 <./graphics/LP0.png (PNG copy)> <./graphics/LP1.png (PNG copy)>]

LaTeX Warning: Reference `class' on page 14 undefined on input line 373.

<graphics/classification.PNG, id=70, 562.35094pt x 380.17032pt>
File: graphics/classification.PNG Graphic file (type png)

<use graphics/classification.PNG>
Package pdftex.def Info: graphics/classification.PNG used on input line 376.
(pdftex.def)             Requested size: 393.64297pt x 266.1174pt.


LaTeX Warning: `!h' float specifier changed to `!ht'.


Underfull \vbox (badness 1337) has occurred while \output is active []

 [14 <./graphics/LP2.png (PNG copy)> <./graphics/expKmeans.PNG>]
<graphics/LSVM.PNG, id=75, 427.5975pt x 246.1697pt>
File: graphics/LSVM.PNG Graphic file (type png)
 <use graphics/LSVM.PNG>
Package pdftex.def Info: graphics/LSVM.PNG used on input line 392.
(pdftex.def)             Requested size: 299.31621pt x 172.3176pt.


LaTeX Warning: `!h' float specifier changed to `!ht'.

[15 <./graphics/classification.PNG>] [16 <./graphics/LSVM.PNG>]
Chapter 2.
[17

]

LaTeX Font Warning: Command \small invalid in math mode on input line 422.

Missing character: There is no ‚ in font ptmr7t!
Missing character: There is no Ä in font ptmr7t!
Missing character: There is no ú in font ptmr7t!
Missing character: There is no ‚ in font ptmr7t!
Missing character: There is no Ä in font ptmr7t!
Missing character: There is no ù in font ptmr7t!

Underfull \hbox (badness 10000) in paragraph at lines 470--472

 []

[18]
Missing character: There is no ‚ in font ptmr7t!
Missing character: There is no Ä in font ptmr7t!
Missing character: There is no ô in font ptmr7t!


LaTeX Warning: Citation `a:def' on page 19 undefined on input line 510.


Underfull \hbox (badness 10000) in paragraph at lines 510--514

 []

[19] <graphics/ontology.PNG, id=96, 359.84438pt x 292.84406pt>
File: graphics/ontology.PNG Graphic file (type png)

<use graphics/ontology.PNG>
Package pdftex.def Info: graphics/ontology.PNG used on input line 522.
(pdftex.def)             Requested size: 251.88934pt x 204.98944pt.

Underfull \hbox (badness 10000) in paragraph at lines 529--530

 []

<graphics/workflow.PNG, id=97, 389.95688pt x 303.38344pt>
File: graphics/workflow.PNG Graphic file (type png)

<use graphics/workflow.PNG>
Package pdftex.def Info: graphics/workflow.PNG used on input line 535.
(pdftex.def)             Requested size: 272.96794pt x 212.36694pt.


LaTeX Warning: Citation `standford' on page 20 undefined on input line 538.


Underfull \hbox (badness 10000) in paragraph at lines 531--540

 []


LaTeX Warning: `!h' float specifier changed to `!ht'.


Overfull \hbox (15.62897pt too wide) detected at line 540
\OML/ztmcm/m/it/12 Relevance[]\OT1/ztmcm/m/n/12 (\OML/ztmcm/m/it/12 document\OT
1/ztmcm/m/n/12 ) = []
 []

[20 <./graphics/ontology.PNG>]
LaTeX Font Info:    Font shape `OT1/ptm/bx/n' in size <10.95> not available
(Font)              Font shape `OT1/ptm/b/n' tried instead on input line 562.
LaTeX Font Info:    Font shape `OT1/ptm/bx/n' in size <8> not available
(Font)              Font shape `OT1/ptm/b/n' tried instead on input line 562.
 [21 <./graphics/workflow.PNG>]
Underfull \hbox (badness 10000) in paragraph at lines 582--585

 []


LaTeX Warning: Citation `a:kmeans' on page 22 undefined on input line 592.

<graphics/proto.png, id=107, 319.1925pt x 472.76625pt>
File: graphics/proto.png Graphic file (type png)

<use graphics/proto.png>
Package pdftex.def Info: graphics/proto.png used on input line 595.
(pdftex.def)             Requested size: 223.43321pt x 330.93411pt.


LaTeX Warning: `h' float specifier changed to `ht'.

[22]
Missing character: There is no ‚ in font ptmr7t!
Missing character: There is no ã in font ptmr7t!
Missing character: There is no Ø in font ptmr7t!
Missing character: There is no ‚ in font ptmr7t!
Missing character: There is no ã in font ptmr7t!
Missing character: There is no Ø in font ptmr7t!

Underfull \hbox (badness 10000) in paragraph at lines 615--617

 []

[23 <./graphics/proto.png>] [24]

LaTeX Warning: Citation `liga' on page 25 undefined on input line 659.

<graphics/LIGA.PNG, id=120, 365.11406pt x 235.63031pt>
File: graphics/LIGA.PNG Graphic file (type png)
 <use graphics/LIGA.PNG>
Package pdftex.def Info: graphics/LIGA.PNG used on input line 665.
(pdftex.def)             Requested size: 255.5781pt x 164.94008pt.

<graphics/topicGr.PNG, id=121, 386.94562pt x 232.61906pt>
File: graphics/topicGr.PNG Graphic file (type png)

<use graphics/topicGr.PNG>
Package pdftex.def Info: graphics/topicGr.PNG used on input line 676.
(pdftex.def)             Requested size: 270.86008pt x 162.83221pt.
 [25 <./graphics/LIGA.PNG>]
<graphics/path.PNG, id=127, 359.09157pt x 182.18062pt>
File: graphics/path.PNG Graphic file (type png)
 <use graphics/path.PNG>
Package pdftex.def Info: graphics/path.PNG used on input line 686.
(pdftex.def)             Requested size: 251.36238pt x 127.52554pt.

[26 <./graphics/topicGr.PNG> <./graphics/path.PNG>]

LaTeX Warning: Reference `sys1' on page 27 undefined on input line 695.


LaTeX Warning: Citation `a:parser' on page 27 undefined on input line 698.

<graphics/standfordG.png, id=133, 349.305pt x 295.1025pt>
File: graphics/standfordG.png Graphic file (type png)

<use graphics/standfordG.png>
Package pdftex.def Info: graphics/standfordG.png used on input line 702.
(pdftex.def)             Requested size: 209.58461pt x 177.06285pt.

<graphics/SMM.png, id=134, 402.75468pt x 216.81pt>
File: graphics/SMM.png Graphic file (type png)
 <use graphics/SMM.png>
Package pdftex.def Info: graphics/SMM.png used on input line 711.
(pdftex.def)             Requested size: 241.65466pt x 130.08699pt.

<graphics/attrG.png, id=135, 338.26375pt x 249.93375pt>
File: graphics/attrG.png Graphic file (type png)

<use graphics/attrG.png>
Package pdftex.def Info: graphics/attrG.png used on input line 718.
(pdftex.def)             Requested size: 202.95981pt x 149.9614pt.


LaTeX Warning: Citation `a:concept' on page 27 undefined on input line 722.

Missing character: There is no ‚ in font ptmr7t!
Missing character: There is no Ä in font ptmr7t!
Missing character: There is no ò in font ptmr7t!
Missing character: There is no ‚ in font ptmr7t!
Missing character: There is no Ä in font ptmr7t!
Missing character: There is no ô in font ptmr7t!
<graphics/expansion.png, id=136, 624.83438pt x 403.5075pt>
File: graphics/expansion.png Graphic file (type png)

<use graphics/expansion.png>
Package pdftex.def Info: graphics/expansion.png used on input line 725.
(pdftex.def)             Requested size: 374.90352pt x 242.10637pt.
 [27 <./graphics/standfordG.png (PNG copy)>]

LaTeX Warning: Citation `a:J. Uijlings' on page 28 undefined on input line 735.



LaTeX Warning: Citation `K. van de Sande' on page 28 undefined on input line 73
5.


LaTeX Warning: Citation `T. Gevers' on page 28 undefined on input line 735.


LaTeX Warning: Citation `and A. Smeulders. Selective search for object recognit
ion.IJCV' on page 28 undefined on input line 735.


LaTeX Warning: Citation `2013.' on page 28 undefined on input line 735.

[28 <./graphics/SMM.png> <./graphics/attrG.png (PNG copy)>] [29 <./graphics/exp
ansion.png>] [30

]
Chapter 3.

LaTeX Warning: Citation `a:stem' on page 31 undefined on input line 753.


LaTeX Warning: Citation `a:lemma' on page 31 undefined on input line 753.

[31] <graphics/sentence.png, id=155, 365.365pt x 273.02pt>
File: graphics/sentence.png Graphic file (type png)

<use graphics/sentence.png>
Package pdftex.def Info: graphics/sentence.png used on input line 775.
(pdftex.def)             Requested size: 219.22069pt x 163.81326pt.

<graphics/onlytestsentence.png, id=156, 354.32375pt x 340.27126pt>
File: graphics/onlytestsentence.png Graphic file (type png)

<use graphics/onlytestsentence.png>
Package pdftex.def Info: graphics/onlytestsentence.png used on input line 785.
(pdftex.def)             Requested size: 212.59589pt x 204.16432pt.
 (bib.tex [32 <./graphics/sentence.png (PNG copy)>] (thesis.bbl [1 <./graphics/
onlytestsentence.png (PNG copy)>] [2

]
Missing character: There is no ‚ in font ptmr7t!
Missing character: There is no Ä in font ptmr7t!
Missing character: There is no ú in font ptmr7t!
Missing character: There is no ‚ in font ptmr7t!
Missing character: There is no Ä in font ptmr7t!
Missing character: There is no ù in font ptmr7t!

[3])) [4] (thesis.aux)

LaTeX Warning: There were undefined references.


LaTeX Warning: There were multiply-defined labels.

 ) 
Here is how much of TeX's memory you used:
 3285 strings out of 493335
 45131 string characters out of 3139263
 108879 words of memory out of 3000000
 6677 multiletter control sequences out of 15000+200000
 46097 words of font info for 103 fonts, out of 3000000 for 9000
 1142 hyphenation exceptions out of 8191
 38i,13n,43p,1242b,405s stack positions out of 5000i,500n,10000p,200000b,50000s
{C:/Program Files/MiKTeX 2.9/fonts/enc/dvips/fontname/8r.enc}<C:/Program File
s/MiKTeX 2.9/fonts/type1/public/amsfonts/cm/cmex10.pfb><C:/Program Files/MiKTeX
 2.9/fonts/type1/public/amsfonts/cm/cmmi10.pfb><C:/Program Files/MiKTeX 2.9/fon
ts/type1/public/amsfonts/cm/cmr10.pfb><C:/Program Files/MiKTeX 2.9/fonts/type1/
public/amsfonts/cm/cmsy10.pfb><C:/Program Files/MiKTeX 2.9/fonts/type1/public/a
msfonts/symbols/msam10.pfb><C:/Program Files/MiKTeX 2.9/fonts/type1/public/rsfs
/rsfs10.pfb><C:/Program Files/MiKTeX 2.9/fonts/type1/urw/symbol/usyr.pfb><C:/Pr
ogram Files/MiKTeX 2.9/fonts/type1/urw/symbol/usyr.pfb><C:/Program Files/MiKTeX
 2.9/fonts/type1/urw/times/utmb8a.pfb><C:/Program Files/MiKTeX 2.9/fonts/type1/
urw/times/utmr8a.pfb><C:/Program Files/MiKTeX 2.9/fonts/type1/urw/times/utmri8a
.pfb>
Output written on thesis.pdf (36 pages, 1441519 bytes).
PDF statistics:
 208 PDF objects out of 1000 (max. 8388607)
 0 named destinations out of 1000 (max. 500000)
 131 words of extra memory for PDF output out of 10000 (max. 10000000)

